<?xml version="1.0" encoding="UTF-8"?>
<!-- Generated by org.testng.reporters.JUnitXMLReporter -->
<testsuite ignored="6" hostname="c102.narola.local" failures="0" tests="0" time="0.015" errors="0" timestamp="2022-07-12T14:56:12 IST">
  <testcase classname="LoginTestcases" name="InvalidCredentials" time="0.0">
    <ignored/>
  </testcase> <!-- InvalidCredentials -->
  <testcase classname="LoginTestcases" name="ViewPassword" time="0.0">
    <ignored/>
  </testcase> <!-- ViewPassword -->
  <testcase classname="LoginTestcases" name="ValidCredentials" time="0.0">
    <ignored/>
  </testcase> <!-- ValidCredentials -->
  <testcase classname="LoginTestcases" name="LoginWithoutPassword" time="0.0">
    <ignored/>
  </testcase> <!-- LoginWithoutPassword -->
  <testcase classname="LoginTestcases" name="LoginWithoutInsertValue" time="0.0">
    <ignored/>
  </testcase> <!-- LoginWithoutInsertValue -->
  <testcase classname="LoginTestcases" name="logout" time="0.0">
    <ignored/>
  </testcase> <!-- logout -->
</testsuite>
